109.10.08 14:45 B C:\wamp\www\rox\menu.swf --> ftp.l2offline.com /public_html menu.swf
109.10.08 14:46 B C:\wamp\www\rox\header.swf --> ftp.l2offline.com /public_html header.swf
109.10.08 14:49 B C:\wamp\www\rox\index.php --> ftp.l2offline.com /public_html index.php
109.10.08 14:58 B C:\wamp\www\rox\home.php --> ftp.l2offline.com /public_html home.php
109.10.08 15:03 B C:\wamp\www\rox\index.php --> ftp.l2offline.com /public_html index.php
109.10.08 15:08 B C:\wamp\www\rox\index.php --> ftp.l2offline.com /public_html index.php
109.10.08 15:11 B C:\wamp\www\rox\features.php --> ftp.l2offline.com /public_html features.php
109.10.08 15:13 B C:\wamp\www\rox\menuoff.swf --> ftp.l2offline.com /public_html menuoff.swf
109.10.08 15:14 B C:\wamp\www\rox\index.php --> ftp.l2offline.com /public_html index.php
109.10.08 15:16 B C:\wamp\www\rox\videos.php --> ftp.l2offline.com /public_html videos.php
109.10.08 15:16 B C:\wamp\www\rox\screenshots.php --> ftp.l2offline.com /public_html screenshots.php
109.10.08 15:16 B C:\wamp\www\rox\staff.php --> ftp.l2offline.com /public_html staff.php
109.10.08 15:18 B C:\wamp\www\rox\home.php --> ftp.l2offline.com /public_html home.php
109.10.08 21:00 B C:\wamp\www\rox\index.php --> ftp.l2offline.com /public_html index.php
109.10.08 23:12 B C:\RaisNet2008\www\rox\index.php --> ftp.l2-rox.net /public_html index.php
109.10.08 23:13 B C:\RaisNet2008\www\rox\index.php --> ftp.l2-rox.net /public_html/images index.php
109.10.08 23:13 B C:\RaisNet2008\www\rox\index.php --> ftp.l2-rox.net /public_html index.php
109.10.08 23:21 B C:\RaisNet2008\www\rox\videos.php --> ftp.l2offline.com /public_html videos.php
109.10.23 12:25 B C:\xampp\htdocs\rox\menu_off.swf --> ftp.l2offline.com /public_html menu_off.swf
2010.04.29 18:21 B C:\xampp\htdocs\rox\_config_procs.php --> ftp.l2-rox.net /public_html _config_procs.php
2010.04.29 18:21 B C:\xampp\htdocs\rox\AC_RunActiveContent.js --> ftp.l2-rox.net /public_html AC_RunActiveContent.js
2010.04.29 18:21 B C:\xampp\htdocs\rox\aindex.php --> ftp.l2-rox.net /public_html aindex.php
2010.04.29 18:21 B C:\xampp\htdocs\rox\bannerl2rox.jpg --> ftp.l2-rox.net /public_html bannerl2rox.jpg
2010.04.29 18:22 B C:\xampp\htdocs\rox\castle.php --> ftp.l2-rox.net /public_html castle.php
2010.04.29 18:22 B C:\xampp\htdocs\rox\castles.php --> ftp.l2-rox.net /public_html castles.php
2010.04.29 18:22 B C:\xampp\htdocs\rox\ccconfig.php --> ftp.l2-rox.net /public_html ccconfig.php
2010.04.29 18:22 B C:\xampp\htdocs\rox\cconfig.php --> ftp.l2-rox.net /public_html cconfig.php
2010.04.29 18:22 B C:\xampp\htdocs\rox\changepassword.php --> ftp.l2-rox.net /public_html changepassword.php
2010.04.29 18:22 B C:\xampp\htdocs\rox\chars.php --> ftp.l2-rox.net /public_html chars.php
2010.04.29 18:22 B C:\xampp\htdocs\rox\clan_info.php --> ftp.l2-rox.net /public_html clan_info.php
2010.04.29 18:22 B C:\xampp\htdocs\rox\conectdb.php --> ftp.l2-rox.net /public_html conectdb.php
2010.04.29 18:22 B C:\xampp\htdocs\rox\config.php --> ftp.l2-rox.net /public_html config.php
2010.04.29 18:22 B C:\xampp\htdocs\rox\conta.php --> ftp.l2-rox.net /public_html conta.php
2010.04.29 18:22 B C:\xampp\htdocs\rox\contato.php --> ftp.l2-rox.net /public_html contato.php
2010.04.29 18:22 B C:\xampp\htdocs\rox\css_centralizado.html --> ftp.l2-rox.net /public_html css_centralizado.html
2010.04.29 18:22 B C:\xampp\htdocs\rox\database.php --> ftp.l2-rox.net /public_html database.php
2010.04.29 18:22 B C:\xampp\htdocs\rox\datacenter.php --> ftp.l2-rox.net /public_html datacenter.php
2010.04.29 18:22 B C:\xampp\htdocs\rox\donate.php --> ftp.l2-rox.net /public_html donate.php
2010.04.29 18:22 B C:\xampp\htdocs\rox\downloads.php --> ftp.l2-rox.net /public_html downloads.php
2010.04.29 18:22 B C:\xampp\htdocs\rox\drop.php --> ftp.l2-rox.net /public_html drop.php
2010.04.29 18:22 B C:\xampp\htdocs\rox\equipe.php --> ftp.l2-rox.net /public_html equipe.php
2010.04.29 18:22 B C:\xampp\htdocs\rox\erro.php --> ftp.l2-rox.net /public_html erro.php
2010.04.29 18:22 B C:\xampp\htdocs\rox\error_log --> ftp.l2-rox.net /public_html error_log
2010.04.29 18:22 B C:\xampp\htdocs\rox\eventos.php --> ftp.l2-rox.net /public_html eventos.php
2010.04.29 18:22 B C:\xampp\htdocs\rox\favicon.ico --> ftp.l2-rox.net /public_html favicon.ico
2010.04.29 18:22 B C:\xampp\htdocs\rox\features.php --> ftp.l2-rox.net /public_html features.php
2010.04.29 18:22 B C:\xampp\htdocs\rox\funcoes.php --> ftp.l2-rox.net /public_html funcoes.php
2010.04.29 18:23 B C:\xampp\htdocs\rox\header3.swf --> ftp.l2-rox.net /public_html header3.swf
2010.04.29 18:23 B C:\xampp\htdocs\rox\heroes.php --> ftp.l2-rox.net /public_html heroes.php
2010.04.29 18:23 B C:\xampp\htdocs\rox\home.php --> ftp.l2-rox.net /public_html home.php
2010.04.29 18:23 B C:\xampp\htdocs\rox\home2.php --> ftp.l2-rox.net /public_html home2.php
2010.04.29 18:23 B C:\xampp\htdocs\rox\index.php --> ftp.l2-rox.net /public_html index.php
2010.04.29 18:23 B C:\xampp\htdocs\rox\info.php --> ftp.l2-rox.net /public_html info.php
2010.04.29 18:23 B C:\xampp\htdocs\rox\jogo.php --> ftp.l2-rox.net /public_html jogo.php
2010.04.29 18:23 B C:\xampp\htdocs\rox\kastien.jpg --> ftp.l2-rox.net /public_html kastien.jpg
2010.04.29 18:23 B C:\xampp\htdocs\rox\login.jpg --> ftp.l2-rox.net /public_html login.jpg
2010.04.29 18:23 B C:\xampp\htdocs\rox\menu3.swf --> ftp.l2-rox.net /public_html menu3.swf
2010.04.29 18:23 B C:\xampp\htdocs\rox\off.gif --> ftp.l2-rox.net /public_html off.gif
2010.04.29 18:23 B C:\xampp\htdocs\rox\off.jpg --> ftp.l2-rox.net /public_html off.jpg
2010.04.29 18:23 B C:\xampp\htdocs\rox\olimpiadas.php --> ftp.l2-rox.net /public_html olimpiadas.php
2010.04.29 18:23 B C:\xampp\htdocs\rox\on.gif --> ftp.l2-rox.net /public_html on.gif
2010.04.29 18:23 B C:\xampp\htdocs\rox\on.jpg --> ftp.l2-rox.net /public_html on.jpg
2010.04.29 18:23 B C:\xampp\htdocs\rox\pk5.php --> ftp.l2-rox.net /public_html pk5.php
2010.04.29 18:23 B C:\xampp\htdocs\rox\players.php --> ftp.l2-rox.net /public_html players.php
2010.04.29 18:23 B C:\xampp\htdocs\rox\players2.php --> ftp.l2-rox.net /public_html players2.php
2010.04.29 18:23 B C:\xampp\htdocs\rox\pvp5.php --> ftp.l2-rox.net /public_html pvp5.php
2010.04.29 18:23 B C:\xampp\htdocs\rox\raidboss.php --> ftp.l2-rox.net /public_html raidboss.php
2010.04.29 18:23 B C:\xampp\htdocs\rox\ranking.php --> ftp.l2-rox.net /public_html ranking.php
2010.04.29 18:24 B C:\xampp\htdocs\rox\regras.php --> ftp.l2-rox.net /public_html regras.php
2010.04.29 18:24 B C:\xampp\htdocs\rox\screenshots.php --> ftp.l2-rox.net /public_html screenshots.php
2010.04.29 18:24 B C:\xampp\htdocs\rox\server.php --> ftp.l2-rox.net /public_html server.php
2010.04.29 18:24 B C:\xampp\htdocs\rox\staff.php --> ftp.l2-rox.net /public_html staff.php
2010.04.29 18:24 B C:\xampp\htdocs\rox\stats.php --> ftp.l2-rox.net /public_html stats.php
2010.04.29 18:24 B C:\xampp\htdocs\rox\status.php --> ftp.l2-rox.net /public_html status.php
2010.04.29 18:24 B C:\xampp\htdocs\rox\Thumbs.db --> ftp.l2-rox.net /public_html Thumbs.db
2010.04.29 18:24 B C:\xampp\htdocs\rox\top1.gif --> ftp.l2-rox.net /public_html top1.gif
2010.04.29 18:24 B C:\xampp\htdocs\rox\top2.gif --> ftp.l2-rox.net /public_html top2.gif
2010.04.29 18:24 B C:\xampp\htdocs\rox\top3.gif --> ftp.l2-rox.net /public_html top3.gif
2010.04.29 18:24 B C:\xampp\htdocs\rox\top50pk.php --> ftp.l2-rox.net /public_html top50pk.php
2010.04.29 18:24 B C:\xampp\htdocs\rox\top50pvp.php --> ftp.l2-rox.net /public_html top50pvp.php
2010.04.29 18:24 B C:\xampp\htdocs\rox\toplevel.php --> ftp.l2-rox.net /public_html toplevel.php
2010.04.29 18:24 B C:\xampp\htdocs\rox\toponline.php --> ftp.l2-rox.net /public_html toponline.php
2010.04.29 18:24 B C:\xampp\htdocs\rox\toppk.php --> ftp.l2-rox.net /public_html toppk.php
2010.04.29 18:24 B C:\xampp\htdocs\rox\toppvp.php --> ftp.l2-rox.net /public_html toppvp.php
2010.04.29 18:24 B C:\xampp\htdocs\rox\videos.php --> ftp.l2-rox.net /public_html videos.php
2010.07.16 16:59 B C:\xampp\htdocs\rox\evolution.rar --> 209.59.173.147 /public_html evolution.rar
